<?xml version="1.0" encoding="UTF-8"?>
<!-- Generated by org.testng.reporters.JUnitReportReporter -->
<testsuite hostname="DESKTOP-S4P2VG9" failures="0" tests="2" name="CrossBrowser.Cross_Browser" time="22.385" errors="0" timestamp="2023-11-07T09:46:38 IST" skipped="0">
  <testcase classname="CrossBrowser.Cross_Browser" name="lunch" time="5.265"/>
  <system-out/>
  <testcase classname="CrossBrowser.Cross_Browser" name="lunch" time="17.120"/>
  <system-out/>
</testsuite> <!-- CrossBrowser.Cross_Browser -->
