<?xml version="1.0" encoding="UTF-8"?>
<!-- Generated by org.testng.reporters.JUnitReportReporter -->
<testsuite hostname="DESKTOP-S4P2VG9" failures="0" tests="1" name="NewSahara.Sahara_property" time="25.933" errors="0" timestamp="2023-11-06T09:39:56 IST" skipped="0">
  <testcase classname="NewSahara.Sahara_property" name="test" time="25.933"/>
  <system-out/>
</testsuite> <!-- NewSahara.Sahara_property -->
