<?xml version="1.0" encoding="UTF-8"?>
<!-- Generated by org.testng.reporters.JUnitReportReporter -->
<testsuite hostname="DESKTOP-S4P2VG9" failures="0" tests="1" name="NewSahara.Different_NightAndRoomCombitions" time="32.159" errors="0" timestamp="2023-11-06T16:31:36 IST" skipped="0">
  <testcase classname="NewSahara.Different_NightAndRoomCombitions" name="single_night_MultipleRoom" time="32.159"/>
  <system-out>
    <![CDATA[First Name of Guest :-shilpa
Last Name of Guest  :-somani
Contact no of Guest :-8600207649
Mail id of Guest    :-shilpa@staah.com]]>
  </system-out>
</testsuite> <!-- NewSahara.Different_NightAndRoomCombitions -->
